ARM GAS  /var/folders/ft/ll49771d0gsfmxfzqyfq6g080000gn/T//ccOgO5tX.s 			page 1


   1              		.cpu cortex-m4
   2              		.arch armv7e-m
   3              		.fpu fpv4-sp-d16
   4              		.eabi_attribute 27, 1
   5              		.eabi_attribute 28, 1
   6              		.eabi_attribute 20, 1
   7              		.eabi_attribute 21, 1
   8              		.eabi_attribute 23, 3
   9              		.eabi_attribute 24, 1
  10              		.eabi_attribute 25, 1
  11              		.eabi_attribute 26, 1
  12              		.eabi_attribute 30, 1
  13              		.eabi_attribute 34, 1
  14              		.eabi_attribute 18, 4
  15              		.file	"usart.c"
  16              		.text
  17              	.Ltext0:
  18              		.cfi_sections	.debug_frame
  19              		.section	.text.MX_USART2_UART_Init,"ax",%progbits
  20              		.align	1
  21              		.global	MX_USART2_UART_Init
  22              		.syntax unified
  23              		.thumb
  24              		.thumb_func
  26              	MX_USART2_UART_Init:
  27              	.LFB130:
  28              		.file 1 "Core/Src/usart.c"
   1:Core/Src/usart.c **** /* USER CODE BEGIN Header */
   2:Core/Src/usart.c **** /**
   3:Core/Src/usart.c ****   ******************************************************************************
   4:Core/Src/usart.c ****   * @file    usart.c
   5:Core/Src/usart.c ****   * @brief   This file provides code for the configuration
   6:Core/Src/usart.c ****   *          of the USART instances.
   7:Core/Src/usart.c ****   ******************************************************************************
   8:Core/Src/usart.c ****   * @attention
   9:Core/Src/usart.c ****   *
  10:Core/Src/usart.c ****   * Copyright (c) 2024 STMicroelectronics.
  11:Core/Src/usart.c ****   * All rights reserved.
  12:Core/Src/usart.c ****   *
  13:Core/Src/usart.c ****   * This software is licensed under terms that can be found in the LICENSE file
  14:Core/Src/usart.c ****   * in the root directory of this software component.
  15:Core/Src/usart.c ****   * If no LICENSE file comes with this software, it is provided AS-IS.
  16:Core/Src/usart.c ****   *
  17:Core/Src/usart.c ****   ******************************************************************************
  18:Core/Src/usart.c ****   */
  19:Core/Src/usart.c **** /* USER CODE END Header */
  20:Core/Src/usart.c **** /* Includes ------------------------------------------------------------------*/
  21:Core/Src/usart.c **** #include "usart.h"
  22:Core/Src/usart.c **** 
  23:Core/Src/usart.c **** /* USER CODE BEGIN 0 */
  24:Core/Src/usart.c **** 
  25:Core/Src/usart.c **** /* USER CODE END 0 */
  26:Core/Src/usart.c **** 
  27:Core/Src/usart.c **** UART_HandleTypeDef huart2;
  28:Core/Src/usart.c **** 
  29:Core/Src/usart.c **** /* USART2 init function */
  30:Core/Src/usart.c **** 
ARM GAS  /var/folders/ft/ll49771d0gsfmxfzqyfq6g080000gn/T//ccOgO5tX.s 			page 2


  31:Core/Src/usart.c **** void MX_USART2_UART_Init(void)
  32:Core/Src/usart.c **** {
  29              		.loc 1 32 1 view -0
  30              		.cfi_startproc
  31              		@ args = 0, pretend = 0, frame = 0
  32              		@ frame_needed = 0, uses_anonymous_args = 0
  33 0000 08B5     		push	{r3, lr}
  34              	.LCFI0:
  35              		.cfi_def_cfa_offset 8
  36              		.cfi_offset 3, -8
  37              		.cfi_offset 14, -4
  33:Core/Src/usart.c **** 
  34:Core/Src/usart.c ****   /* USER CODE BEGIN USART2_Init 0 */
  35:Core/Src/usart.c **** 
  36:Core/Src/usart.c ****   /* USER CODE END USART2_Init 0 */
  37:Core/Src/usart.c **** 
  38:Core/Src/usart.c ****   /* USER CODE BEGIN USART2_Init 1 */
  39:Core/Src/usart.c **** 
  40:Core/Src/usart.c ****   /* USER CODE END USART2_Init 1 */
  41:Core/Src/usart.c ****   huart2.Instance = USART2;
  38              		.loc 1 41 3 view .LVU1
  39              		.loc 1 41 19 is_stmt 0 view .LVU2
  40 0002 0B48     		ldr	r0, .L5
  41 0004 0B4B     		ldr	r3, .L5+4
  42 0006 0360     		str	r3, [r0]
  42:Core/Src/usart.c ****   huart2.Init.BaudRate = 38400;
  43              		.loc 1 42 3 is_stmt 1 view .LVU3
  44              		.loc 1 42 24 is_stmt 0 view .LVU4
  45 0008 4FF41643 		mov	r3, #38400
  46 000c 4360     		str	r3, [r0, #4]
  43:Core/Src/usart.c ****   huart2.Init.WordLength = UART_WORDLENGTH_8B;
  47              		.loc 1 43 3 is_stmt 1 view .LVU5
  48              		.loc 1 43 26 is_stmt 0 view .LVU6
  49 000e 0023     		movs	r3, #0
  50 0010 8360     		str	r3, [r0, #8]
  44:Core/Src/usart.c ****   huart2.Init.StopBits = UART_STOPBITS_1;
  51              		.loc 1 44 3 is_stmt 1 view .LVU7
  52              		.loc 1 44 24 is_stmt 0 view .LVU8
  53 0012 C360     		str	r3, [r0, #12]
  45:Core/Src/usart.c ****   huart2.Init.Parity = UART_PARITY_NONE;
  54              		.loc 1 45 3 is_stmt 1 view .LVU9
  55              		.loc 1 45 22 is_stmt 0 view .LVU10
  56 0014 0361     		str	r3, [r0, #16]
  46:Core/Src/usart.c ****   huart2.Init.Mode = UART_MODE_TX_RX;
  57              		.loc 1 46 3 is_stmt 1 view .LVU11
  58              		.loc 1 46 20 is_stmt 0 view .LVU12
  59 0016 0C22     		movs	r2, #12
  60 0018 4261     		str	r2, [r0, #20]
  47:Core/Src/usart.c ****   huart2.Init.HwFlowCtl = UART_HWCONTROL_NONE;
  61              		.loc 1 47 3 is_stmt 1 view .LVU13
  62              		.loc 1 47 25 is_stmt 0 view .LVU14
  63 001a 8361     		str	r3, [r0, #24]
  48:Core/Src/usart.c ****   huart2.Init.OverSampling = UART_OVERSAMPLING_16;
  64              		.loc 1 48 3 is_stmt 1 view .LVU15
  65              		.loc 1 48 28 is_stmt 0 view .LVU16
  66 001c C361     		str	r3, [r0, #28]
  49:Core/Src/usart.c ****   huart2.Init.OneBitSampling = UART_ONE_BIT_SAMPLE_DISABLE;
ARM GAS  /var/folders/ft/ll49771d0gsfmxfzqyfq6g080000gn/T//ccOgO5tX.s 			page 3


  67              		.loc 1 49 3 is_stmt 1 view .LVU17
  68              		.loc 1 49 30 is_stmt 0 view .LVU18
  69 001e 0362     		str	r3, [r0, #32]
  50:Core/Src/usart.c ****   huart2.AdvancedInit.AdvFeatureInit = UART_ADVFEATURE_NO_INIT;
  70              		.loc 1 50 3 is_stmt 1 view .LVU19
  71              		.loc 1 50 38 is_stmt 0 view .LVU20
  72 0020 4362     		str	r3, [r0, #36]
  51:Core/Src/usart.c ****   if (HAL_UART_Init(&huart2) != HAL_OK)
  73              		.loc 1 51 3 is_stmt 1 view .LVU21
  74              		.loc 1 51 7 is_stmt 0 view .LVU22
  75 0022 FFF7FEFF 		bl	HAL_UART_Init
  76              	.LVL0:
  77              		.loc 1 51 6 view .LVU23
  78 0026 00B9     		cbnz	r0, .L4
  79              	.L1:
  52:Core/Src/usart.c ****   {
  53:Core/Src/usart.c ****     Error_Handler();
  54:Core/Src/usart.c ****   }
  55:Core/Src/usart.c ****   /* USER CODE BEGIN USART2_Init 2 */
  56:Core/Src/usart.c **** 
  57:Core/Src/usart.c ****   /* USER CODE END USART2_Init 2 */
  58:Core/Src/usart.c **** 
  59:Core/Src/usart.c **** }
  80              		.loc 1 59 1 view .LVU24
  81 0028 08BD     		pop	{r3, pc}
  82              	.L4:
  53:Core/Src/usart.c ****   }
  83              		.loc 1 53 5 is_stmt 1 view .LVU25
  84 002a FFF7FEFF 		bl	Error_Handler
  85              	.LVL1:
  86              		.loc 1 59 1 is_stmt 0 view .LVU26
  87 002e FBE7     		b	.L1
  88              	.L6:
  89              		.align	2
  90              	.L5:
  91 0030 00000000 		.word	.LANCHOR0
  92 0034 00440040 		.word	1073759232
  93              		.cfi_endproc
  94              	.LFE130:
  96              		.section	.text.HAL_UART_MspInit,"ax",%progbits
  97              		.align	1
  98              		.global	HAL_UART_MspInit
  99              		.syntax unified
 100              		.thumb
 101              		.thumb_func
 103              	HAL_UART_MspInit:
 104              	.LVL2:
 105              	.LFB131:
  60:Core/Src/usart.c **** 
  61:Core/Src/usart.c **** void HAL_UART_MspInit(UART_HandleTypeDef* uartHandle)
  62:Core/Src/usart.c **** {
 106              		.loc 1 62 1 is_stmt 1 view -0
 107              		.cfi_startproc
 108              		@ args = 0, pretend = 0, frame = 32
 109              		@ frame_needed = 0, uses_anonymous_args = 0
 110              		.loc 1 62 1 is_stmt 0 view .LVU28
 111 0000 00B5     		push	{lr}
ARM GAS  /var/folders/ft/ll49771d0gsfmxfzqyfq6g080000gn/T//ccOgO5tX.s 			page 4


 112              	.LCFI1:
 113              		.cfi_def_cfa_offset 4
 114              		.cfi_offset 14, -4
 115 0002 89B0     		sub	sp, sp, #36
 116              	.LCFI2:
 117              		.cfi_def_cfa_offset 40
  63:Core/Src/usart.c **** 
  64:Core/Src/usart.c ****   GPIO_InitTypeDef GPIO_InitStruct = {0};
 118              		.loc 1 64 3 is_stmt 1 view .LVU29
 119              		.loc 1 64 20 is_stmt 0 view .LVU30
 120 0004 0023     		movs	r3, #0
 121 0006 0393     		str	r3, [sp, #12]
 122 0008 0493     		str	r3, [sp, #16]
 123 000a 0593     		str	r3, [sp, #20]
 124 000c 0693     		str	r3, [sp, #24]
 125 000e 0793     		str	r3, [sp, #28]
  65:Core/Src/usart.c ****   if(uartHandle->Instance==USART2)
 126              		.loc 1 65 3 is_stmt 1 view .LVU31
 127              		.loc 1 65 16 is_stmt 0 view .LVU32
 128 0010 0268     		ldr	r2, [r0]
 129              		.loc 1 65 5 view .LVU33
 130 0012 134B     		ldr	r3, .L11
 131 0014 9A42     		cmp	r2, r3
 132 0016 02D0     		beq	.L10
 133              	.LVL3:
 134              	.L7:
  66:Core/Src/usart.c ****   {
  67:Core/Src/usart.c ****   /* USER CODE BEGIN USART2_MspInit 0 */
  68:Core/Src/usart.c **** 
  69:Core/Src/usart.c ****   /* USER CODE END USART2_MspInit 0 */
  70:Core/Src/usart.c ****     /* USART2 clock enable */
  71:Core/Src/usart.c ****     __HAL_RCC_USART2_CLK_ENABLE();
  72:Core/Src/usart.c **** 
  73:Core/Src/usart.c ****     __HAL_RCC_GPIOA_CLK_ENABLE();
  74:Core/Src/usart.c ****     /**USART2 GPIO Configuration
  75:Core/Src/usart.c ****     PA2     ------> USART2_TX
  76:Core/Src/usart.c ****     PA3     ------> USART2_RX
  77:Core/Src/usart.c ****     */
  78:Core/Src/usart.c ****     GPIO_InitStruct.Pin = USART_TX_Pin|USART_RX_Pin;
  79:Core/Src/usart.c ****     GPIO_InitStruct.Mode = GPIO_MODE_AF_PP;
  80:Core/Src/usart.c ****     GPIO_InitStruct.Pull = GPIO_NOPULL;
  81:Core/Src/usart.c ****     GPIO_InitStruct.Speed = GPIO_SPEED_FREQ_LOW;
  82:Core/Src/usart.c ****     GPIO_InitStruct.Alternate = GPIO_AF7_USART2;
  83:Core/Src/usart.c ****     HAL_GPIO_Init(GPIOA, &GPIO_InitStruct);
  84:Core/Src/usart.c **** 
  85:Core/Src/usart.c ****   /* USER CODE BEGIN USART2_MspInit 1 */
  86:Core/Src/usart.c **** 
  87:Core/Src/usart.c ****   /* USER CODE END USART2_MspInit 1 */
  88:Core/Src/usart.c ****   }
  89:Core/Src/usart.c **** }
 135              		.loc 1 89 1 view .LVU34
 136 0018 09B0     		add	sp, sp, #36
 137              	.LCFI3:
 138              		.cfi_remember_state
 139              		.cfi_def_cfa_offset 4
 140              		@ sp needed
 141 001a 5DF804FB 		ldr	pc, [sp], #4
ARM GAS  /var/folders/ft/ll49771d0gsfmxfzqyfq6g080000gn/T//ccOgO5tX.s 			page 5


 142              	.LVL4:
 143              	.L10:
 144              	.LCFI4:
 145              		.cfi_restore_state
  71:Core/Src/usart.c **** 
 146              		.loc 1 71 5 is_stmt 1 view .LVU35
 147              	.LBB2:
  71:Core/Src/usart.c **** 
 148              		.loc 1 71 5 view .LVU36
  71:Core/Src/usart.c **** 
 149              		.loc 1 71 5 view .LVU37
 150 001e 03F5E633 		add	r3, r3, #117760
 151 0022 DA69     		ldr	r2, [r3, #28]
 152 0024 42F40032 		orr	r2, r2, #131072
 153 0028 DA61     		str	r2, [r3, #28]
  71:Core/Src/usart.c **** 
 154              		.loc 1 71 5 view .LVU38
 155 002a DA69     		ldr	r2, [r3, #28]
 156 002c 02F40032 		and	r2, r2, #131072
 157 0030 0192     		str	r2, [sp, #4]
  71:Core/Src/usart.c **** 
 158              		.loc 1 71 5 view .LVU39
 159 0032 019A     		ldr	r2, [sp, #4]
 160              	.LBE2:
  71:Core/Src/usart.c **** 
 161              		.loc 1 71 5 view .LVU40
  73:Core/Src/usart.c ****     /**USART2 GPIO Configuration
 162              		.loc 1 73 5 view .LVU41
 163              	.LBB3:
  73:Core/Src/usart.c ****     /**USART2 GPIO Configuration
 164              		.loc 1 73 5 view .LVU42
  73:Core/Src/usart.c ****     /**USART2 GPIO Configuration
 165              		.loc 1 73 5 view .LVU43
 166 0034 5A69     		ldr	r2, [r3, #20]
 167 0036 42F40032 		orr	r2, r2, #131072
 168 003a 5A61     		str	r2, [r3, #20]
  73:Core/Src/usart.c ****     /**USART2 GPIO Configuration
 169              		.loc 1 73 5 view .LVU44
 170 003c 5B69     		ldr	r3, [r3, #20]
 171 003e 03F40033 		and	r3, r3, #131072
 172 0042 0293     		str	r3, [sp, #8]
  73:Core/Src/usart.c ****     /**USART2 GPIO Configuration
 173              		.loc 1 73 5 view .LVU45
 174 0044 029B     		ldr	r3, [sp, #8]
 175              	.LBE3:
  73:Core/Src/usart.c ****     /**USART2 GPIO Configuration
 176              		.loc 1 73 5 view .LVU46
  78:Core/Src/usart.c ****     GPIO_InitStruct.Mode = GPIO_MODE_AF_PP;
 177              		.loc 1 78 5 view .LVU47
  78:Core/Src/usart.c ****     GPIO_InitStruct.Mode = GPIO_MODE_AF_PP;
 178              		.loc 1 78 25 is_stmt 0 view .LVU48
 179 0046 0C23     		movs	r3, #12
 180 0048 0393     		str	r3, [sp, #12]
  79:Core/Src/usart.c ****     GPIO_InitStruct.Pull = GPIO_NOPULL;
 181              		.loc 1 79 5 is_stmt 1 view .LVU49
  79:Core/Src/usart.c ****     GPIO_InitStruct.Pull = GPIO_NOPULL;
 182              		.loc 1 79 26 is_stmt 0 view .LVU50
ARM GAS  /var/folders/ft/ll49771d0gsfmxfzqyfq6g080000gn/T//ccOgO5tX.s 			page 6


 183 004a 0223     		movs	r3, #2
 184 004c 0493     		str	r3, [sp, #16]
  80:Core/Src/usart.c ****     GPIO_InitStruct.Speed = GPIO_SPEED_FREQ_LOW;
 185              		.loc 1 80 5 is_stmt 1 view .LVU51
  81:Core/Src/usart.c ****     GPIO_InitStruct.Alternate = GPIO_AF7_USART2;
 186              		.loc 1 81 5 view .LVU52
  82:Core/Src/usart.c ****     HAL_GPIO_Init(GPIOA, &GPIO_InitStruct);
 187              		.loc 1 82 5 view .LVU53
  82:Core/Src/usart.c ****     HAL_GPIO_Init(GPIOA, &GPIO_InitStruct);
 188              		.loc 1 82 31 is_stmt 0 view .LVU54
 189 004e 0723     		movs	r3, #7
 190 0050 0793     		str	r3, [sp, #28]
  83:Core/Src/usart.c **** 
 191              		.loc 1 83 5 is_stmt 1 view .LVU55
 192 0052 03A9     		add	r1, sp, #12
 193 0054 4FF09040 		mov	r0, #1207959552
 194              	.LVL5:
  83:Core/Src/usart.c **** 
 195              		.loc 1 83 5 is_stmt 0 view .LVU56
 196 0058 FFF7FEFF 		bl	HAL_GPIO_Init
 197              	.LVL6:
 198              		.loc 1 89 1 view .LVU57
 199 005c DCE7     		b	.L7
 200              	.L12:
 201 005e 00BF     		.align	2
 202              	.L11:
 203 0060 00440040 		.word	1073759232
 204              		.cfi_endproc
 205              	.LFE131:
 207              		.section	.text.HAL_UART_MspDeInit,"ax",%progbits
 208              		.align	1
 209              		.global	HAL_UART_MspDeInit
 210              		.syntax unified
 211              		.thumb
 212              		.thumb_func
 214              	HAL_UART_MspDeInit:
 215              	.LVL7:
 216              	.LFB132:
  90:Core/Src/usart.c **** 
  91:Core/Src/usart.c **** void HAL_UART_MspDeInit(UART_HandleTypeDef* uartHandle)
  92:Core/Src/usart.c **** {
 217              		.loc 1 92 1 is_stmt 1 view -0
 218              		.cfi_startproc
 219              		@ args = 0, pretend = 0, frame = 0
 220              		@ frame_needed = 0, uses_anonymous_args = 0
 221              		.loc 1 92 1 is_stmt 0 view .LVU59
 222 0000 08B5     		push	{r3, lr}
 223              	.LCFI5:
 224              		.cfi_def_cfa_offset 8
 225              		.cfi_offset 3, -8
 226              		.cfi_offset 14, -4
  93:Core/Src/usart.c **** 
  94:Core/Src/usart.c ****   if(uartHandle->Instance==USART2)
 227              		.loc 1 94 3 is_stmt 1 view .LVU60
 228              		.loc 1 94 16 is_stmt 0 view .LVU61
 229 0002 0268     		ldr	r2, [r0]
 230              		.loc 1 94 5 view .LVU62
ARM GAS  /var/folders/ft/ll49771d0gsfmxfzqyfq6g080000gn/T//ccOgO5tX.s 			page 7


 231 0004 074B     		ldr	r3, .L17
 232 0006 9A42     		cmp	r2, r3
 233 0008 00D0     		beq	.L16
 234              	.LVL8:
 235              	.L13:
  95:Core/Src/usart.c ****   {
  96:Core/Src/usart.c ****   /* USER CODE BEGIN USART2_MspDeInit 0 */
  97:Core/Src/usart.c **** 
  98:Core/Src/usart.c ****   /* USER CODE END USART2_MspDeInit 0 */
  99:Core/Src/usart.c ****     /* Peripheral clock disable */
 100:Core/Src/usart.c ****     __HAL_RCC_USART2_CLK_DISABLE();
 101:Core/Src/usart.c **** 
 102:Core/Src/usart.c ****     /**USART2 GPIO Configuration
 103:Core/Src/usart.c ****     PA2     ------> USART2_TX
 104:Core/Src/usart.c ****     PA3     ------> USART2_RX
 105:Core/Src/usart.c ****     */
 106:Core/Src/usart.c ****     HAL_GPIO_DeInit(GPIOA, USART_TX_Pin|USART_RX_Pin);
 107:Core/Src/usart.c **** 
 108:Core/Src/usart.c ****   /* USER CODE BEGIN USART2_MspDeInit 1 */
 109:Core/Src/usart.c **** 
 110:Core/Src/usart.c ****   /* USER CODE END USART2_MspDeInit 1 */
 111:Core/Src/usart.c ****   }
 112:Core/Src/usart.c **** }
 236              		.loc 1 112 1 view .LVU63
 237 000a 08BD     		pop	{r3, pc}
 238              	.LVL9:
 239              	.L16:
 100:Core/Src/usart.c **** 
 240              		.loc 1 100 5 is_stmt 1 view .LVU64
 241 000c 064A     		ldr	r2, .L17+4
 242 000e D369     		ldr	r3, [r2, #28]
 243 0010 23F40033 		bic	r3, r3, #131072
 244 0014 D361     		str	r3, [r2, #28]
 106:Core/Src/usart.c **** 
 245              		.loc 1 106 5 view .LVU65
 246 0016 0C21     		movs	r1, #12
 247 0018 4FF09040 		mov	r0, #1207959552
 248              	.LVL10:
 106:Core/Src/usart.c **** 
 249              		.loc 1 106 5 is_stmt 0 view .LVU66
 250 001c FFF7FEFF 		bl	HAL_GPIO_DeInit
 251              	.LVL11:
 252              		.loc 1 112 1 view .LVU67
 253 0020 F3E7     		b	.L13
 254              	.L18:
 255 0022 00BF     		.align	2
 256              	.L17:
 257 0024 00440040 		.word	1073759232
 258 0028 00100240 		.word	1073876992
 259              		.cfi_endproc
 260              	.LFE132:
 262              		.global	huart2
 263              		.section	.bss.huart2,"aw",%nobits
 264              		.align	2
 265              		.set	.LANCHOR0,. + 0
 268              	huart2:
 269 0000 00000000 		.space	136
ARM GAS  /var/folders/ft/ll49771d0gsfmxfzqyfq6g080000gn/T//ccOgO5tX.s 			page 8


 269      00000000 
 269      00000000 
 269      00000000 
 269      00000000 
 270              		.text
 271              	.Letext0:
 272              		.file 2 "/opt/ST/STM32CubeCLT/GNU-tools-for-STM32/arm-none-eabi/include/machine/_default_types.h"
 273              		.file 3 "/opt/ST/STM32CubeCLT/GNU-tools-for-STM32/arm-none-eabi/include/sys/_stdint.h"
 274              		.file 4 "Drivers/CMSIS/Device/ST/STM32F3xx/Include/stm32f303xe.h"
 275              		.file 5 "Drivers/STM32F3xx_HAL_Driver/Inc/stm32f3xx_hal_def.h"
 276              		.file 6 "Drivers/STM32F3xx_HAL_Driver/Inc/stm32f3xx_hal_gpio.h"
 277              		.file 7 "Drivers/STM32F3xx_HAL_Driver/Inc/stm32f3xx_hal_dma.h"
 278              		.file 8 "Drivers/STM32F3xx_HAL_Driver/Inc/stm32f3xx_hal_uart.h"
 279              		.file 9 "Core/Inc/usart.h"
 280              		.file 10 "Core/Inc/main.h"
ARM GAS  /var/folders/ft/ll49771d0gsfmxfzqyfq6g080000gn/T//ccOgO5tX.s 			page 9


DEFINED SYMBOLS
                            *ABS*:0000000000000000 usart.c
/var/folders/ft/ll49771d0gsfmxfzqyfq6g080000gn/T//ccOgO5tX.s:20     .text.MX_USART2_UART_Init:0000000000000000 $t
/var/folders/ft/ll49771d0gsfmxfzqyfq6g080000gn/T//ccOgO5tX.s:26     .text.MX_USART2_UART_Init:0000000000000000 MX_USART2_UART_Init
/var/folders/ft/ll49771d0gsfmxfzqyfq6g080000gn/T//ccOgO5tX.s:91     .text.MX_USART2_UART_Init:0000000000000030 $d
/var/folders/ft/ll49771d0gsfmxfzqyfq6g080000gn/T//ccOgO5tX.s:97     .text.HAL_UART_MspInit:0000000000000000 $t
/var/folders/ft/ll49771d0gsfmxfzqyfq6g080000gn/T//ccOgO5tX.s:103    .text.HAL_UART_MspInit:0000000000000000 HAL_UART_MspInit
/var/folders/ft/ll49771d0gsfmxfzqyfq6g080000gn/T//ccOgO5tX.s:203    .text.HAL_UART_MspInit:0000000000000060 $d
/var/folders/ft/ll49771d0gsfmxfzqyfq6g080000gn/T//ccOgO5tX.s:208    .text.HAL_UART_MspDeInit:0000000000000000 $t
/var/folders/ft/ll49771d0gsfmxfzqyfq6g080000gn/T//ccOgO5tX.s:214    .text.HAL_UART_MspDeInit:0000000000000000 HAL_UART_MspDeInit
/var/folders/ft/ll49771d0gsfmxfzqyfq6g080000gn/T//ccOgO5tX.s:257    .text.HAL_UART_MspDeInit:0000000000000024 $d
/var/folders/ft/ll49771d0gsfmxfzqyfq6g080000gn/T//ccOgO5tX.s:268    .bss.huart2:0000000000000000 huart2
/var/folders/ft/ll49771d0gsfmxfzqyfq6g080000gn/T//ccOgO5tX.s:264    .bss.huart2:0000000000000000 $d

UNDEFINED SYMBOLS
HAL_UART_Init
Error_Handler
HAL_GPIO_Init
HAL_GPIO_DeInit
